<?xml version="1.0" encoding="UTF-8"?>
<!-- Generated by org.testng.reporters.JUnitReportReporter -->
<testsuite hostname="NOI-PW03VFY0" failures="0" tests="10" name="highlineWarren.test.ValidateHighLineWarrenDOMTest" time="73.141" errors="0" timestamp="2025-03-25T18:33:30 IST" skipped="0">
  <testcase classname="highlineWarren.test.ValidateHighLineWarrenDOMTest" name="highLineWarrenTitleValidation" time="0.016"/>
  <system-out/>
  <testcase classname="highlineWarren.test.ValidateHighLineWarrenDOMTest" name="verifyHighLineWarrenLogo" time="0.080"/>
  <system-out/>
  <testcase classname="highlineWarren.test.ValidateHighLineWarrenDOMTest" name="verifyHighLineWarrenUrl" time="0.008"/>
  <system-out/>
  <testcase classname="highlineWarren.test.ValidateHighLineWarrenDOMTest" name="verifyBrowserByCategoryIsClickable" time="0.122"/>
  <system-out/>
  <testcase classname="highlineWarren.test.ValidateHighLineWarrenDOMTest" name="verifyAllCategoryAreScrollableAndCountAllCategories" time="40.871"/>
  <system-out/>
  <testcase classname="highlineWarren.test.ValidateHighLineWarrenDOMTest" name="verifyFirstCategoryIsClickableAndFunctional" time="5.224"/>
  <system-out/>
  <testcase classname="highlineWarren.test.ValidateHighLineWarrenDOMTest" name="verifySecondCategory" time="5.163"/>
  <system-out/>
  <testcase classname="highlineWarren.test.ValidateHighLineWarrenDOMTest" name="verifySecondCategoryFunctionalityWithBrands" time="6.268"/>
  <system-out/>
  <testcase classname="highlineWarren.test.ValidateHighLineWarrenDOMTest" name="verifySearchFunctionalityIsClickable" time="7.716"/>
  <system-out/>
  <testcase classname="highlineWarren.test.ValidateHighLineWarrenDOMTest" name="verifySearchFunctionalityWithBrands" time="7.673"/>
  <system-out/>
</testsuite> <!-- highlineWarren.test.ValidateHighLineWarrenDOMTest -->
